<?xml version="1.0" encoding="UTF-8"?>
<testsuite name="com.mindex.challenge.service.impl.ReportingServiceImplTest" tests="1" skipped="0" failures="0" errors="0" timestamp="2022-05-22T09:32:29" hostname="Omkars-MacBook-Pro.local" time="0.013">
  <properties/>
  <testcase name="testRead" classname="com.mindex.challenge.service.impl.ReportingServiceImplTest" time="0.013"/>
  <system-out><![CDATA[2022-05-22 15:02:29.763  INFO 56556 --- [    Test worker] .b.t.c.SpringBootTestContextBootstrapper : Neither @ContextConfiguration nor @ContextHierarchy found for test class [com.mindex.challenge.service.impl.ReportingServiceImplTest], using SpringBootContextLoader
2022-05-22 15:02:29.764  INFO 56556 --- [    Test worker] o.s.t.c.support.AbstractContextLoader    : Could not detect default resource locations for test class [com.mindex.challenge.service.impl.ReportingServiceImplTest]: no resource found for suffixes {-context.xml, Context.groovy}.
2022-05-22 15:02:29.764  INFO 56556 --- [    Test worker] t.c.s.AnnotationConfigContextLoaderUtils : Could not detect default configuration classes for test class [com.mindex.challenge.service.impl.ReportingServiceImplTest]: ReportingServiceImplTest does not declare any static, non-private, non-final, nested classes annotated with @Configuration.
2022-05-22 15:02:29.765  INFO 56556 --- [    Test worker] .b.t.c.SpringBootTestContextBootstrapper : Found @SpringBootConfiguration com.mindex.challenge.ChallengeApplication for test class com.mindex.challenge.service.impl.ReportingServiceImplTest
2022-05-22 15:02:29.766  INFO 56556 --- [    Test worker] .b.t.c.SpringBootTestContextBootstrapper : Loaded default TestExecutionListener class names from location [META-INF/spring.factories]: [org.springframework.boot.test.autoconfigure.restdocs.RestDocsTestExecutionListener, org.springframework.boot.test.autoconfigure.web.client.MockRestServiceServerResetTestExecutionListener, org.springframework.boot.test.autoconfigure.web.servlet.MockMvcPrintOnlyOnFailureTestExecutionListener, org.springframework.boot.test.autoconfigure.web.servlet.WebDriverTestExecutionListener, org.springframework.boot.test.mock.mockito.MockitoTestExecutionListener, org.springframework.boot.test.mock.mockito.ResetMocksTestExecutionListener, org.springframework.test.context.web.ServletTestExecutionListener, org.springframework.test.context.support.DirtiesContextBeforeModesTestExecutionListener, org.springframework.test.context.support.DependencyInjectionTestExecutionListener, org.springframework.test.context.support.DirtiesContextTestExecutionListener, org.springframework.test.context.transaction.TransactionalTestExecutionListener, org.springframework.test.context.jdbc.SqlScriptsTestExecutionListener, org.springframework.test.context.event.EventPublishingTestExecutionListener]
2022-05-22 15:02:29.766  INFO 56556 --- [    Test worker] .b.t.c.SpringBootTestContextBootstrapper : Using TestExecutionListeners: [org.springframework.test.context.web.ServletTestExecutionListener@72e38633, org.springframework.test.context.support.DirtiesContextBeforeModesTestExecutionListener@505a6adc, org.springframework.boot.test.mock.mockito.MockitoTestExecutionListener@719ea055, org.springframework.boot.test.autoconfigure.SpringBootDependencyInjectionTestExecutionListener@fb73354, org.springframework.test.context.support.DirtiesContextTestExecutionListener@618bfe8f, org.springframework.test.context.transaction.TransactionalTestExecutionListener@628464e8, org.springframework.test.context.jdbc.SqlScriptsTestExecutionListener@669cece5, org.springframework.test.context.event.EventPublishingTestExecutionListener@50075ef1, org.springframework.boot.test.autoconfigure.restdocs.RestDocsTestExecutionListener@6ec6bdf8, org.springframework.boot.test.autoconfigure.web.client.MockRestServiceServerResetTestExecutionListener@2fa437ec, org.springframework.boot.test.autoconfigure.web.servlet.MockMvcPrintOnlyOnFailureTestExecutionListener@2ede1d39, org.springframework.boot.test.autoconfigure.web.servlet.WebDriverTestExecutionListener@44c43ec5, org.springframework.boot.test.mock.mockito.ResetMocksTestExecutionListener@1fb672d8]
2022-05-22 15:02:29.771 DEBUG 56556 --- [o-auto-1-exec-6] c.m.c.controller.ReportingController     : Received reporting create request at controller for id [16a596ae-edd3-4847-99fe-c4518e82c86f]
2022-05-22 15:02:29.771 DEBUG 56556 --- [o-auto-1-exec-6] c.m.c.service.impl.ReportingServiceImlp  : Creating report read request for id [16a596ae-edd3-4847-99fe-c4518e82c86f]
]]></system-out>
  <system-err><![CDATA[]]></system-err>
</testsuite>
