<?xml version="1.0" encoding="UTF-8"?>
<testsuite name="com.mindex.challenge.ChallengeApplicationTests" tests="1" skipped="0" failures="0" errors="0" timestamp="2022-05-22T09:32:29" hostname="Omkars-MacBook-Pro.local" time="0.002">
  <properties/>
  <testcase name="contextLoads" classname="com.mindex.challenge.ChallengeApplicationTests" time="0.002"/>
  <system-out><![CDATA[2022-05-22 15:02:29.782  INFO 56556 --- [    Test worker] .b.t.c.SpringBootTestContextBootstrapper : Neither @ContextConfiguration nor @ContextHierarchy found for test class [com.mindex.challenge.ChallengeApplicationTests], using SpringBootContextLoader
2022-05-22 15:02:29.783  INFO 56556 --- [    Test worker] o.s.t.c.support.AbstractContextLoader    : Could not detect default resource locations for test class [com.mindex.challenge.ChallengeApplicationTests]: no resource found for suffixes {-context.xml, Context.groovy}.
2022-05-22 15:02:29.783  INFO 56556 --- [    Test worker] t.c.s.AnnotationConfigContextLoaderUtils : Could not detect default configuration classes for test class [com.mindex.challenge.ChallengeApplicationTests]: ChallengeApplicationTests does not declare any static, non-private, non-final, nested classes annotated with @Configuration.
2022-05-22 15:02:29.784  INFO 56556 --- [    Test worker] .b.t.c.SpringBootTestContextBootstrapper : Found @SpringBootConfiguration com.mindex.challenge.ChallengeApplication for test class com.mindex.challenge.ChallengeApplicationTests
2022-05-22 15:02:29.785  INFO 56556 --- [    Test worker] .b.t.c.SpringBootTestContextBootstrapper : Loaded default TestExecutionListener class names from location [META-INF/spring.factories]: [org.springframework.boot.test.autoconfigure.restdocs.RestDocsTestExecutionListener, org.springframework.boot.test.autoconfigure.web.client.MockRestServiceServerResetTestExecutionListener, org.springframework.boot.test.autoconfigure.web.servlet.MockMvcPrintOnlyOnFailureTestExecutionListener, org.springframework.boot.test.autoconfigure.web.servlet.WebDriverTestExecutionListener, org.springframework.boot.test.mock.mockito.MockitoTestExecutionListener, org.springframework.boot.test.mock.mockito.ResetMocksTestExecutionListener, org.springframework.test.context.web.ServletTestExecutionListener, org.springframework.test.context.support.DirtiesContextBeforeModesTestExecutionListener, org.springframework.test.context.support.DependencyInjectionTestExecutionListener, org.springframework.test.context.support.DirtiesContextTestExecutionListener, org.springframework.test.context.transaction.TransactionalTestExecutionListener, org.springframework.test.context.jdbc.SqlScriptsTestExecutionListener, org.springframework.test.context.event.EventPublishingTestExecutionListener]
2022-05-22 15:02:29.785  INFO 56556 --- [    Test worker] .b.t.c.SpringBootTestContextBootstrapper : Using TestExecutionListeners: [org.springframework.test.context.web.ServletTestExecutionListener@5234edec, org.springframework.test.context.support.DirtiesContextBeforeModesTestExecutionListener@5f925b63, org.springframework.boot.test.mock.mockito.MockitoTestExecutionListener@6413b7d0, org.springframework.boot.test.autoconfigure.SpringBootDependencyInjectionTestExecutionListener@adb44b5, org.springframework.test.context.support.DirtiesContextTestExecutionListener@7f75838f, org.springframework.test.context.transaction.TransactionalTestExecutionListener@32718641, org.springframework.test.context.jdbc.SqlScriptsTestExecutionListener@4b251ae8, org.springframework.test.context.event.EventPublishingTestExecutionListener@1b8b11d5, org.springframework.boot.test.autoconfigure.restdocs.RestDocsTestExecutionListener@483190d0, org.springframework.boot.test.autoconfigure.web.client.MockRestServiceServerResetTestExecutionListener@76cc5419, org.springframework.boot.test.autoconfigure.web.servlet.MockMvcPrintOnlyOnFailureTestExecutionListener@15dde272, org.springframework.boot.test.autoconfigure.web.servlet.WebDriverTestExecutionListener@561b5ca5, org.springframework.boot.test.mock.mockito.ResetMocksTestExecutionListener@1268e1a6]
]]></system-out>
  <system-err><![CDATA[]]></system-err>
</testsuite>
