<?xml version="1.0" encoding="UTF-8"?>
<testsuite name="com.mindex.challenge.service.impl.CompensationServiceImplTest" tests="1" skipped="0" failures="0" errors="0" timestamp="2022-05-22T09:32:29" hostname="Omkars-MacBook-Pro.local" time="0.166">
  <properties/>
  <testcase name="testCreateRead" classname="com.mindex.challenge.service.impl.CompensationServiceImplTest" time="0.166"/>
  <system-out><![CDATA[2022-05-22 15:02:28.713  INFO 56556 --- [    Test worker] .b.t.c.SpringBootTestContextBootstrapper : Neither @ContextConfiguration nor @ContextHierarchy found for test class [com.mindex.challenge.service.impl.CompensationServiceImplTest], using SpringBootContextLoader
2022-05-22 15:02:28.714  INFO 56556 --- [    Test worker] o.s.t.c.support.AbstractContextLoader    : Could not detect default resource locations for test class [com.mindex.challenge.service.impl.CompensationServiceImplTest]: no resource found for suffixes {-context.xml, Context.groovy}.
2022-05-22 15:02:28.714  INFO 56556 --- [    Test worker] t.c.s.AnnotationConfigContextLoaderUtils : Could not detect default configuration classes for test class [com.mindex.challenge.service.impl.CompensationServiceImplTest]: CompensationServiceImplTest does not declare any static, non-private, non-final, nested classes annotated with @Configuration.
2022-05-22 15:02:28.724  INFO 56556 --- [    Test worker] .b.t.c.SpringBootTestContextBootstrapper : Found @SpringBootConfiguration com.mindex.challenge.ChallengeApplication for test class com.mindex.challenge.service.impl.CompensationServiceImplTest
2022-05-22 15:02:28.725  INFO 56556 --- [    Test worker] .b.t.c.SpringBootTestContextBootstrapper : Loaded default TestExecutionListener class names from location [META-INF/spring.factories]: [org.springframework.boot.test.autoconfigure.restdocs.RestDocsTestExecutionListener, org.springframework.boot.test.autoconfigure.web.client.MockRestServiceServerResetTestExecutionListener, org.springframework.boot.test.autoconfigure.web.servlet.MockMvcPrintOnlyOnFailureTestExecutionListener, org.springframework.boot.test.autoconfigure.web.servlet.WebDriverTestExecutionListener, org.springframework.boot.test.mock.mockito.MockitoTestExecutionListener, org.springframework.boot.test.mock.mockito.ResetMocksTestExecutionListener, org.springframework.test.context.web.ServletTestExecutionListener, org.springframework.test.context.support.DirtiesContextBeforeModesTestExecutionListener, org.springframework.test.context.support.DependencyInjectionTestExecutionListener, org.springframework.test.context.support.DirtiesContextTestExecutionListener, org.springframework.test.context.transaction.TransactionalTestExecutionListener, org.springframework.test.context.jdbc.SqlScriptsTestExecutionListener, org.springframework.test.context.event.EventPublishingTestExecutionListener]
2022-05-22 15:02:28.727  INFO 56556 --- [    Test worker] .b.t.c.SpringBootTestContextBootstrapper : Using TestExecutionListeners: [org.springframework.test.context.web.ServletTestExecutionListener@7bb620ce, org.springframework.test.context.support.DirtiesContextBeforeModesTestExecutionListener@d03447, org.springframework.boot.test.mock.mockito.MockitoTestExecutionListener@210140c6, org.springframework.boot.test.autoconfigure.SpringBootDependencyInjectionTestExecutionListener@4639a13b, org.springframework.test.context.support.DirtiesContextTestExecutionListener@cc34962, org.springframework.test.context.transaction.TransactionalTestExecutionListener@d3036b1, org.springframework.test.context.jdbc.SqlScriptsTestExecutionListener@261c50a1, org.springframework.test.context.event.EventPublishingTestExecutionListener@2da70d20, org.springframework.boot.test.autoconfigure.restdocs.RestDocsTestExecutionListener@3b39d9af, org.springframework.boot.test.autoconfigure.web.client.MockRestServiceServerResetTestExecutionListener@37b0e5c7, org.springframework.boot.test.autoconfigure.web.servlet.MockMvcPrintOnlyOnFailureTestExecutionListener@736d22c8, org.springframework.boot.test.autoconfigure.web.servlet.WebDriverTestExecutionListener@66b6ef88, org.springframework.boot.test.mock.mockito.ResetMocksTestExecutionListener@13b7b650]

  .   ____          _            __ _ _
 /\\ / ___'_ __ _ _(_)_ __  __ _ \ \ \ \
( ( )\___ | '_ | '_| | '_ \/ _` | \ \ \ \
 \\/  ___)| |_)| | | | | || (_| |  ) ) ) )
  '  |____| .__|_| |_|_| |_\__, | / / / /
 =========|_|==============|___/=/_/_/_/
 :: Spring Boot ::        (v2.2.0.RELEASE)

2022-05-22 15:02:28.758  INFO 56556 --- [    Test worker] c.m.c.s.i.CompensationServiceImplTest    : Starting CompensationServiceImplTest on Omkars-MacBook-Pro.local with PID 56556 (started by omkarmanchekar in /Users/omkarmanchekar/Downloads/mindex-java-code-challenge-new)
2022-05-22 15:02:28.758 DEBUG 56556 --- [    Test worker] c.m.c.s.i.CompensationServiceImplTest    : Running with Spring Boot v2.2.0.RELEASE, Spring v5.2.0.RELEASE
2022-05-22 15:02:28.758  INFO 56556 --- [    Test worker] c.m.c.s.i.CompensationServiceImplTest    : No active profile set, falling back to default profiles: default
2022-05-22 15:02:28.861  INFO 56556 --- [    Test worker] .s.d.r.c.RepositoryConfigurationDelegate : Bootstrapping Spring Data repositories in DEFAULT mode.
2022-05-22 15:02:28.867  INFO 56556 --- [    Test worker] .s.d.r.c.RepositoryConfigurationDelegate : Finished Spring Data repository scanning in 5ms. Found 2 repository interfaces.
2022-05-22 15:02:29.086  INFO 56556 --- [    Test worker] o.s.b.w.embedded.tomcat.TomcatWebServer  : Tomcat initialized with port(s): 0 (http)
2022-05-22 15:02:29.098  INFO 56556 --- [    Test worker] o.apache.catalina.core.StandardService   : Starting service [Tomcat]
2022-05-22 15:02:29.099  INFO 56556 --- [    Test worker] org.apache.catalina.core.StandardEngine  : Starting Servlet engine: [Apache Tomcat/9.0.27]
2022-05-22 15:02:29.168  INFO 56556 --- [    Test worker] o.a.c.c.C.[Tomcat].[localhost].[/]       : Initializing Spring embedded WebApplicationContext
2022-05-22 15:02:29.168  INFO 56556 --- [    Test worker] o.s.web.context.ContextLoader            : Root WebApplicationContext: initialization completed in 406 ms
2022-05-22 15:02:29.265  INFO 56556 --- [    Test worker] de.bwaldvogel.mongo.MongoServer          : started MongoServer(port: 49789, ssl: false)
2022-05-22 15:02:29.267  INFO 56556 --- [    Test worker] org.mongodb.driver.cluster               : Cluster created with settings {hosts=[127.0.0.1:49789], mode=SINGLE, requiredClusterType=UNKNOWN, serverSelectionTimeout='30000 ms', maxWaitQueueSize=500}
2022-05-22 15:02:29.270  INFO 56556 --- [-server-worker1] d.b.mongo.wire.MongoWireProtocolHandler  : client [id: 0x6835b34d, L:/127.0.0.1:49789 - R:/127.0.0.1:49790] connected
2022-05-22 15:02:29.272  INFO 56556 --- [127.0.0.1:49789] org.mongodb.driver.connection            : Opened connection [connectionId{localValue:3}] to 127.0.0.1:49789
2022-05-22 15:02:29.273  INFO 56556 --- [127.0.0.1:49789] org.mongodb.driver.cluster               : Monitor thread successfully connected to server with description ServerDescription{address=127.0.0.1:49789, type=STANDALONE, state=CONNECTED, ok=true, version=ServerVersion{versionList=[3, 0, 0]}, minWireVersion=0, maxWireVersion=2, maxDocumentSize=16777216, logicalSessionTimeoutMinutes=null, roundTripTimeNanos=629128}
2022-05-22 15:02:29.277  WARN 56556 --- [    Test worker] o.s.data.convert.CustomConversions       : Registering converter from class java.time.LocalDateTime to class java.time.Instant as reading converter although it doesn't convert from a store-supported type! You might wanna check you annotation setup at the converter implementation.
2022-05-22 15:02:29.277  WARN 56556 --- [    Test worker] o.s.data.convert.CustomConversions       : Registering converter from class java.time.Instant to class java.time.LocalDateTime as reading converter although it doesn't convert from a store-supported type! You might wanna check you annotation setup at the converter implementation.
2022-05-22 15:02:29.278  WARN 56556 --- [    Test worker] o.s.data.convert.CustomConversions       : Registering converter from class java.time.LocalDateTime to class java.time.Instant as reading converter although it doesn't convert from a store-supported type! You might wanna check you annotation setup at the converter implementation.
2022-05-22 15:02:29.278  WARN 56556 --- [    Test worker] o.s.data.convert.CustomConversions       : Registering converter from class java.time.Instant to class java.time.LocalDateTime as reading converter although it doesn't convert from a store-supported type! You might wanna check you annotation setup at the converter implementation.
2022-05-22 15:02:29.326  INFO 56556 --- [-server-worker2] d.b.mongo.wire.MongoWireProtocolHandler  : client [id: 0x08049478, L:/127.0.0.1:49789 - R:/127.0.0.1:49791] connected
2022-05-22 15:02:29.334  INFO 56556 --- [    Test worker] org.mongodb.driver.connection            : Opened connection [connectionId{localValue:4}] to 127.0.0.1:49789
2022-05-22 15:02:29.335  INFO 56556 --- [-server-worker2] d.b.mongo.backend.AbstractMongoBackend   : created database test
2022-05-22 15:02:29.335  INFO 56556 --- [-server-worker2] d.b.mongo.backend.AbstractMongoDatabase  : adding unique _id index for collection employee
2022-05-22 15:02:29.335  INFO 56556 --- [-server-worker2] d.b.mongo.backend.AbstractMongoDatabase  : created collection test.employee
2022-05-22 15:02:29.428  INFO 56556 --- [    Test worker] o.s.s.concurrent.ThreadPoolTaskExecutor  : Initializing ExecutorService 'applicationTaskExecutor'
2022-05-22 15:02:29.498  WARN 56556 --- [    Test worker] o.s.data.convert.CustomConversions       : Registering converter from class java.time.LocalDateTime to class java.time.Instant as reading converter although it doesn't convert from a store-supported type! You might wanna check you annotation setup at the converter implementation.
2022-05-22 15:02:29.501  WARN 56556 --- [    Test worker] o.s.data.convert.CustomConversions       : Registering converter from class java.time.Instant to class java.time.LocalDateTime as reading converter although it doesn't convert from a store-supported type! You might wanna check you annotation setup at the converter implementation.
2022-05-22 15:02:29.510  WARN 56556 --- [    Test worker] o.s.data.convert.CustomConversions       : Registering converter from class java.time.LocalDateTime to class java.time.Instant as reading converter although it doesn't convert from a store-supported type! You might wanna check you annotation setup at the converter implementation.
2022-05-22 15:02:29.512  WARN 56556 --- [    Test worker] o.s.data.convert.CustomConversions       : Registering converter from class java.time.Instant to class java.time.LocalDateTime as reading converter although it doesn't convert from a store-supported type! You might wanna check you annotation setup at the converter implementation.
2022-05-22 15:02:29.567  INFO 56556 --- [    Test worker] o.s.b.w.embedded.tomcat.TomcatWebServer  : Tomcat started on port(s): 49792 (http) with context path ''
2022-05-22 15:02:29.567  INFO 56556 --- [    Test worker] c.m.c.s.i.CompensationServiceImplTest    : Started CompensationServiceImplTest in 0.838 seconds (JVM running for 3.892)
2022-05-22 15:02:29.663  INFO 56556 --- [o-auto-1-exec-1] o.a.c.c.C.[Tomcat].[localhost].[/]       : Initializing Spring DispatcherServlet 'dispatcherServlet'
2022-05-22 15:02:29.664  INFO 56556 --- [o-auto-1-exec-1] o.s.web.servlet.DispatcherServlet        : Initializing Servlet 'dispatcherServlet'
2022-05-22 15:02:29.675  INFO 56556 --- [o-auto-1-exec-1] o.s.web.servlet.DispatcherServlet        : Completed initialization in 11 ms
2022-05-22 15:02:29.699 DEBUG 56556 --- [o-auto-1-exec-1] c.m.c.controller.CompensationController  : Received compensation create at controller request for [com.mindex.challenge.data.Compensation@64b98145]
2022-05-22 15:02:29.700 DEBUG 56556 --- [o-auto-1-exec-1] c.m.c.s.impl.CompensationServiceImpl     : Creating new compensation [com.mindex.challenge.data.Compensation@64b98145]
2022-05-22 15:02:29.705  INFO 56556 --- [-server-worker2] d.b.mongo.backend.AbstractMongoDatabase  : adding unique _id index for collection compensation
2022-05-22 15:02:29.705  INFO 56556 --- [-server-worker2] d.b.mongo.backend.AbstractMongoDatabase  : created collection test.compensation
2022-05-22 15:02:29.726 DEBUG 56556 --- [o-auto-1-exec-2] c.m.c.controller.CompensationController  : Received compensation read at controller request for id [ebb21789-751f-44d0-bbb5-995b1e4095b5]
2022-05-22 15:02:29.727 DEBUG 56556 --- [o-auto-1-exec-2] c.m.c.s.impl.CompensationServiceImpl     : Creating request to read compensation with id [ebb21789-751f-44d0-bbb5-995b1e4095b5]
]]></system-out>
  <system-err><![CDATA[]]></system-err>
</testsuite>
